<?xml version="1.0" encoding="UTF-8"?>
<testng-results ignored="0" total="2" passed="2" failed="0" skipped="0">
  <reporter-output>
  </reporter-output>
  <suite started-at="2022-05-11T07:24:19Z" name="Default suite" finished-at="2022-05-11T07:24:20Z" duration-ms="270">
    <groups>
      <group name="regression">
        <method signature="ReadingdatafromCommandtest.regressiontest()[pri:0, instance:ReadingdatafromCommandtest@21129f1f]" name="regressiontest" class="ReadingdatafromCommandtest"/>
      </group> <!-- regression -->
      <group name="smoke">
        <method signature="ReadingdatafromCommandtest.ReadingdatafromCommandtest()[pri:0, instance:ReadingdatafromCommandtest@21129f1f]" name="ReadingdatafromCommandtest" class="ReadingdatafromCommandtest"/>
      </group> <!-- smoke -->
    </groups>
    <test started-at="2022-05-11T07:24:19Z" name="Default test" finished-at="2022-05-11T07:24:20Z" duration-ms="270">
      <class name="ReadingdatafromCommandtest">
        <test-method signature="ReadingdatafromCommandtest()[pri:0, instance:ReadingdatafromCommandtest@21129f1f]" started-at="2022-05-11T07:24:19Z" name="ReadingdatafromCommandtest" finished-at="2022-05-11T07:24:20Z" duration-ms="61" status="PASS">
          <reporter-output>
          </reporter-output>
        </test-method> <!-- ReadingdatafromCommandtest -->
        <test-method signature="regressiontest()[pri:0, instance:ReadingdatafromCommandtest@21129f1f]" started-at="2022-05-11T07:24:20Z" name="regressiontest" finished-at="2022-05-11T07:24:20Z" duration-ms="18" status="PASS">
          <reporter-output>
          </reporter-output>
        </test-method> <!-- regressiontest -->
      </class> <!-- ReadingdatafromCommandtest -->
    </test> <!-- Default test -->
  </suite> <!-- Default suite -->
</testng-results>
